

<!DOCTYPE html>
<html>
<head>
<meta charset="UTF-8">
<meta name="viewport" content="width=device-width, initial-scale=1, shrink-to-fit=no">
<title>Extent Report</title>
<link rel="apple-touch-icon" href="https://cdn.jsdelivr.net/gh/extent-framework/extent-github-cdn@b00a2d0486596e73dd7326beacf352c639623a0e/commons/img/logo.png">
<link rel="shortcut icon" href="https://cdn.jsdelivr.net/gh/extent-framework/extent-github-cdn@b00a2d0486596e73dd7326beacf352c639623a0e/commons/img/logo.png">
<link href="https://cdn.jsdelivr.net/gh/extent-framework/extent-github-cdn@d6562a79075e061305ccfdb82f01e5e195e2d307/spark/css/spark-style.css" rel="stylesheet" />
<link href="https://stackpath.bootstrapcdn.com/font-awesome/4.7.0/css/font-awesome.min.css" rel="stylesheet">
<script src="https://cdn.jsdelivr.net/gh/extent-framework/extent-github-cdn@7cc78ce/spark/js/jsontree.js"></script>
<style type="text/css"></style></head><body class="spa bdd-report dark">
  <div class="app">
    <div class="layout">
<div class="header navbar">
<div class="vheader">
<div class="nav-logo">
<a href="#">
<div class="logo" style="background-image: url('https://cdn.jsdelivr.net/gh/extent-framework/extent-github-cdn@b00a2d0486596e73dd7326beacf352c639623a0e/commons/img/logo.png')"></div>
</a>
</div>
<ul class="nav-left">
<li class="search-box">
<a class="search-toggle" href="#">
<i class="search-icon fa fa-search"></i>
<i class="search-icon-close fa fa-close"></i>
</a>
</li>
<li class="search-input"><input id="search-tests" class="form-control" type="text" placeholder="Search..."></li>
</ul>
<ul class="nav-right">
<li class="m-r-10">
<a href="#"><span class="badge badge-primary">Nopcommerce Report</span></a>
</li>
<li class="m-r-10">
<a href="#"><span class="badge badge-primary">Dec 18, 2023 01:02:40 am</span></a>
</li>
</ul>
</div>
</div><div class="side-nav">
<div class="side-nav-inner">
<ul class="side-nav-menu">
<li class="nav-item dropdown" onclick="toggleView('dashboard-view')">
<a id="nav-dashboard" class="dropdown-toggle" href="#">
<span class="ico"><i class="fa fa-bar-chart"></i></span>
</a>
</li>
<li class="nav-item dropdown" onclick="toggleView('test-view')">
<a id="nav-test" class="dropdown-toggle" href="#">
<span class="ico"><i class="fa fa-list"></i></span>
</a>
</li>
<li class="nav-item dropdown" onclick="toggleView('category-view')">
<a id="nav-category" class="dropdown-toggle" href="#">
<span class="ico"><i class="fa fa-tag"></i></span>
</a>
</li>
<li class="nav-item dropdown" onclick="toggleView('exception-view')">
<a id="nav-exception" class="dropdown-toggle" href="#">
<span class="ico"><i class="fa fa-bug"></i></span>
</a>
</li>
</ul>
</div>
</div>      <div class="vcontainer">
        <div class="main-content">
<div class="container-fluid p-4 view dashboard-view">
<div class="row">
<div class="col-md-3">
<div class="card"><div class="card-body">
<p class="m-b-0">Started</p>
<h3>Dec 18, 2023 01:02:40 am</h3>
</div></div>
</div>
<div class="col-md-3">
<div class="card"><div class="card-body">
<p class="m-b-0">Ended</p>
<h3>Dec 18, 2023 01:08:45 am</h3>
</div></div>
</div>
<div class="col-md-3">
<div class="card"><div class="card-body">
<p class="m-b-0 text-pass">Features Passed</p>
<h3>1</h3>
</div></div>
</div>
<div class="col-md-3">
<div class="card"><div class="card-body">
<p class="m-b-0 text-fail">Features Failed</p>
<h3>1</h3>
</div></div>
</div>
</div>
<div class="row">
<div class="col-md-4">
<div class="card">
<div class="card-header">
<h6 class="card-title">Features</h6>
</div>
<div class="card-body">
<div class="">
<canvas id='parent-analysis' width='115' height='90'></canvas>
</div>
</div>
<div class="card-footer">
<div><small data-tooltip='50%'>
<b>1</b> features passed
</small>
</div>
<div>
<small data-tooltip='50%'><b>1</b> features failed,
<b>0</b> skipped, <b data-tooltip='0%'>0</b> others
</small>
</div>
</div>
</div>
</div>
<div class="col-md-4">
<div class="card">
<div class="card-header">
<h6 class="card-title">Scenarios</h6>
</div>
<div class="card-body">
<div class="">
<canvas id='child-analysis' width='115' height='90'></canvas>
</div>
</div>
<div class="card-footer">
<div><small data-tooltip='30%'><b>3</b> scenarios passed</small></div>
<div>
<small data-tooltip='70%'><b>7</b> scenarios failed,
<b>0</b> skipped, <b data-tooltip='%'>0</b> others
</small>
</div>
</div>
</div>
</div>
<div class="col-md-4">
<div class="card">
<div class="card-header">
<h6 class="card-title">Steps</h6>
</div>
<div class="card-body">
<div class="">
<canvas id='grandchild-analysis' width='115' height='90'></canvas>
</div>
</div>
<div class="card-footer">
<div><small data-tooltip='42%'><b>52</b> steps passed</small></div>
<div>
<small data-tooltip='8%'><b>10</b> steps failed,
<b>61</b> skipped, <b data-tooltip='%'>0</b> others
</small>
</div>
</div>
</div>
</div>
</div>
<div class="row"><div class="col-md-12">
<div class="card"><div class="card-header"><p>Timeline</p></div>
<div class="card-body pt-0"><div>
<canvas id="timeline" height="120"></canvas>
</div></div>
</div>
</div></div>
<script>
var timeline = {
"Desktop test":313.167,"Top menu test Feature":51.232
};
</script>
<div class="row">
<div class="col-lg-6 col-md-12 category-container">
<div class="card">
<div class="card-header"><p>Tags</p></div>
<div class="card-body pb-0 pt-0"><table class="table table-sm table-bordered">
<thead><tr class="bg-gray"><th>Name</th><th>Passed</th><th>Failed</th><th>Skipped</th><th>Others</th><th>Passed %</th></tr></thead><tbody>
<tr>
<td>@regression</td>
<td>3</td>
<td>7</td>
<td>0</td>
<td>0</td>
<td>30%</td>
</tr>
<tr>
<td>@smoke</td>
<td>0</td>
<td>1</td>
<td>0</td>
<td>0</td>
<td>0%</td>
</tr>
<tr>
<td>@sanity</td>
<td>0</td>
<td>7</td>
<td>0</td>
<td>0</td>
<td>0%</td>
</tr>
</tbody>
</table></div>
</div>
</div>
<div class="col-lg-6 col-md-12 sysenv-container">
<div class="card">
<div class="card-header"><p>System/Environment</p></div>
<div class="card-body pb-0 pt-0"><table class="table table-sm table-bordered">
<thead><tr class="bg-gray"><th>Name</th><th>Value</th></tr></thead>
<tbody>
<tr>
<td>Engineer</td>
<td>Jay Vaghani</td>
</tr>
<tr>
<td>Project</td>
<td>Nop commerce</td>
</tr>
<tr>
<td>os</td>
<td>Windows</td>
</tr>
</tbody>
</table></div>
</div>
</div>
</div>
</div>
<script>
var statusGroup = {
parentCount: 5,
passParent: 1,
failParent: 1,
warningParent: 0,
skipParent: 0,
childCount: 5,
passChild: 3,
failChild: 7,
warningChild: 0,
skipChild: 0,
infoChild: 0,
grandChildCount: 5,
passGrandChild: 52,
failGrandChild: 10,
warningGrandChild: 0,
skipGrandChild: 61,
infoGrandChild: 0,
eventsCount: 5,
};
</script><div class="test-wrapper row view test-view">
  <div class="test-list">
    <div class="test-list-tools">
<ul class="tools pull-left">
<li><a href="#"><span class="font-size-14">Tests</span></a></li>
</ul>
<ul class="tools text-right">
<li class="dropdown">
<a href="#" class="dropdown-toggle" data-toggle="dropdown"><i class="fa fa-exclamation-circle"></i></a>
<ul id="status-toggle" class="dropdown-menu dropdown-md p-v-0">
<a class="dropdown-item" status="pass" href="#"><span>Pass</span><span class="status success"></span></a>
<a class="dropdown-item" status="fail" href="#"><span>Fail</span><span class="status danger"></span></a>
<div class="dropdown-divider"></div>
<a status="clear" class="dropdown-item" href="#"><span>Clear</span><span class="pull-right"><i class="fa fa-close"></i></span></a>
</ul>
</li>
<li class="dropdown">
<a href="#" class="dropdown-toggle" data-toggle="dropdown"><i class="fa fa-tag"></i></a>
<ul id="tag-toggle" class="dropdown-menu dropdown-md p-v-0">
<a class="dropdown-item" href="#">@regression</a><a class="dropdown-item" href="#">@smoke</a><a class="dropdown-item" href="#">@sanity</a>
</ul>
</li>
</ul>
</div>    <div class="test-list-wrapper scrollable">
      <ul class="test-list-item">
        <li class="test-item"  status="fail" test-id="1"
          author=""
          tag=""
          device="">
          <div class="test-detail">
            <p class="name">Desktop test</p>
            <p class="text-sm">
              <span>01:02:41</span> / <span>00:05:13:167</span>
              <span class="badge fail-bg log float-right">Fail</span>
            </p>
          </div>
          <div class="test-contents d-none">
<div class="detail-head">
<div class="p-v-10">
<div class="info">
<h5 class="test-status text-fail">Desktop test</h5>
<span class='badge badge-success'>12.18.2023 01:02:41</span>
<span class='badge badge-danger'>12.18.2023 01:07:54</span>
<span class='badge badge-default'>00:05:13:167</span>
&middot; <span class='uri-anchor badge badge-default'>#test-id=1</span>
<span class='badge badge-default pointer float-right ml-1 et'><i class="fa fa-chevron-down"></i></span>
<span class='badge badge-default pointer float-right ct'><i class="fa fa-chevron-up"></i></span>
</div>
<div class="m-t-10 m-l-5"> In Order to test Desktop step by step
As a User
I should verify different scenarios in desktop page</div>
</div>
</div>
<div class="accordion mt-4">
  <div class="card">
    <div class="card-header" role="tab">
      <div class="card-title">
        <div class="node" id="2"><span class="badge log fail-bg mr-2">Fail</span>User should verify product arrange in alphabetical order</div>
          <div class="status-avatar float-right mr-4">
            <i class="fa fa-paperclip"></i>
          </div>
      </div>
    </div>
        <div class="">
          <div class="card-body">
              <div class="step pass-bg" title="com.tutorialsninja.steps.TopMenuSteps.iAmOnHomePage()">
                <span>Given I am on home page</span>
      <div>
      </div>
              </div>
              <div class="step pass-bg" title="com.tutorialsninja.steps.TopMenuSteps.iClickOnDesktopsTab()">
                <span>When I click on Desktops tab</span>
      <div>
      </div>
              </div>
              <div class="step pass-bg" title="com.tutorialsninja.steps.TopMenuSteps.iCallSelectMenuAndPassAllDesktop(java.lang.String)">
                <span>And I call selectMenu and pass all desktop "Show AllDesktops"</span>
      <div>
      </div>
              </div>
              <div class="step fail-bg" title="com.tutorialsninja.steps.DesktopSteps.iClickOnSortByPositionZToA(java.lang.String)">
                <span>And I click on sort by position Z to A "Name: Z to A"</span>
      <div>
        <textarea disabled class="code-block">org.openqa.selenium.NoSuchElementException: Cannot locate option with text: Name: Z to A
For documentation on this error, please visit: https://www.selenium.dev/documentation/webdriver/troubleshooting/errors#no-such-element-exception
Build info: version: '4.15.0', revision: '1d14b5521b'
System info: os.name: 'Windows 11', os.arch: 'amd64', os.version: '10.0', java.version: '17.0.8'
Driver info: driver.version: unknown
	at org.openqa.selenium.support.ui.Select.selectByVisibleText(Select.java:153)
	at com.tutorialsninja.utility.Utility.selectByVisibleTextFromDropDown(Utility.java:154)
	at com.tutorialsninja.pages.DesktopsPage.selectSortByOption(DesktopsPage.java:63)
	at com.tutorialsninja.steps.DesktopSteps.iClickOnSortByPositionZToA(DesktopSteps.java:15)
	at ✽.I click on sort by position Z to A "Name: Z to A"(file:///C:/Users/ankit/IdeaProjects/tutorialsninja-sw-6/src/test/resources/features/%20desktopstest.feature:14)
</textarea>
      
      </div>
              </div>
              <div class="step skip-bg" title="com.tutorialsninja.steps.DesktopSteps.iCanSeeTheProductWillBeArrangeInDescendingOrder()">
                <span>Then I can see the product will be arrange in descending order</span>
      <div>Step skipped
      </div>
              </div>
              <div class="step pass-bg" title="AFTER">
                <span>com.tutorialsninja.steps.Hooks.tearDown(io.cucumber.java.Scenario)</span>
      <div>User should verify product arrange in alphabetical order
          <div class="row mb-3"><div class="col-md-3">
<img data-featherlight='../screenshots/embedded1.png' src="../screenshots/embedded1.png">
    
    </div></div>
</div>
      <div>
      </div>
              </div>
          </div>
        </div>
  </div>
  <div class="card">
    <div class="card-header" role="tab">
      <div class="card-title">
        <div class="node" id="10"><span class="badge log fail-bg mr-2">Fail</span>User should verify that product added to shopping cart successFully</div>
          <div class="status-avatar float-right mr-4">
            <i class="fa fa-paperclip"></i>
          </div>
      </div>
    </div>
        <div class="scenario_outline ">
            <div class="card-body l1">
              <div class="card-header">
                <div class="card-title outline-child">
                  <div class="node" id="11"><span class="badge log fail-bg mr-2">Fail</span>User should verify that product added to shopping cart successFully</div>
                    <div class="status-avatar float-right">
                      <i class="fa fa-paperclip"></i>
                    </div>
                </div>
              </div>
              <div class="card-body mt-3 ">
                  <div class="step pass-bg">
                    <span>Given I am on home page</span>
      <div>
      </div>
                  </div>
                  <div class="step pass-bg">
                    <span>When I click on currency dropdown</span>
      <div>
      </div>
                  </div>
                  <div class="step pass-bg">
                    <span>And I click on £pound Sterling</span>
      <div>
      </div>
                  </div>
                  <div class="step pass-bg">
                    <span>When I click on Desktops tab</span>
      <div>
      </div>
                  </div>
                  <div class="step pass-bg">
                    <span>And I call selectMenu and pass all desktop "Show AllDesktops"</span>
      <div>
      </div>
                  </div>
                  <div class="step fail-bg">
                    <span>And I click on sort by position A to Z "Name: A to Z"</span>
      <div>
        <textarea disabled class="code-block">org.openqa.selenium.NoSuchElementException: Cannot locate option with text: Name: A to Z
For documentation on this error, please visit: https://www.selenium.dev/documentation/webdriver/troubleshooting/errors#no-such-element-exception
Build info: version: '4.15.0', revision: '1d14b5521b'
System info: os.name: 'Windows 11', os.arch: 'amd64', os.version: '10.0', java.version: '17.0.8'
Driver info: driver.version: unknown
	at org.openqa.selenium.support.ui.Select.selectByVisibleText(Select.java:153)
	at com.tutorialsninja.utility.Utility.selectByVisibleTextFromDropDown(Utility.java:154)
	at com.tutorialsninja.pages.DesktopsPage.sortByNameAToZPosition(DesktopsPage.java:69)
	at com.tutorialsninja.steps.DesktopSteps.iClickOnSortByPositionAToZ(DesktopSteps.java:35)
	at ✽.I click on sort by position A to Z "Name: A to Z"(file:///C:/Users/ankit/IdeaProjects/tutorialsninja-sw-6/src/test/resources/features/%20desktopstest.feature:23)
</textarea>
      
      </div>
                  </div>
                  <div class="step skip-bg">
                    <span>And I select the product "HTC Touch HD"</span>
      <div>Step skipped
      </div>
                  </div>
                  <div class="step skip-bg">
                    <span>And I get the text product "HTC Touch HD"</span>
      <div>Step skipped
      </div>
                  </div>
                  <div class="step skip-bg">
                    <span>And I enter qty one using select class</span>
      <div>Step skipped
      </div>
                  </div>
                  <div class="step skip-bg">
                    <span>And I click on add to cart button</span>
      <div>Step skipped
      </div>
                  </div>
                  <div class="step skip-bg">
                    <span>And I get the message Success: You have added "HTC Touch HD" to your shopping cart!</span>
      <div>Step skipped
      </div>
                  </div>
                  <div class="step skip-bg">
                    <span>And I click on shopping cart display into the success message</span>
      <div>Step skipped
      </div>
                  </div>
                  <div class="step skip-bg">
                    <span>Then I get a text "Shopping Cart"</span>
      <div>Step skipped
      </div>
                  </div>
                  <div class="step skip-bg">
                    <span>Then I get the product name "HTC Touch HD"</span>
      <div>Step skipped
      </div>
                  </div>
                  <div class="step skip-bg">
                    <span>Then I get the model name "Product 1"</span>
      <div>Step skipped
      </div>
                  </div>
                  <div class="step skip-bg">
                    <span>Then I get the price "£74.73"</span>
      <div>Step skipped
      </div>
                  </div>
                  <div class="step pass-bg">
                    <span>com.tutorialsninja.steps.Hooks.tearDown(io.cucumber.java.Scenario)</span>
      <div>User should verify that product added to shopping cart successFully
          <div class="row mb-3"><div class="col-md-3">
<img data-featherlight='../screenshots/embedded2.png' src="../screenshots/embedded2.png">
    
    </div></div>
</div>
      <div>
      </div>
                  </div>
              </div>
            </div>
            <div class="card-body l1">
              <div class="card-header">
                <div class="card-title outline-child">
                  <div class="node" id="30"><span class="badge log fail-bg mr-2">Fail</span>User should verify that product added to shopping cart successFully</div>
                    <div class="status-avatar float-right">
                      <i class="fa fa-paperclip"></i>
                    </div>
                </div>
              </div>
              <div class="card-body mt-3 ">
                  <div class="step pass-bg">
                    <span>Given I am on home page</span>
      <div>
      </div>
                  </div>
                  <div class="step pass-bg">
                    <span>When I click on currency dropdown</span>
      <div>
      </div>
                  </div>
                  <div class="step pass-bg">
                    <span>And I click on £pound Sterling</span>
      <div>
      </div>
                  </div>
                  <div class="step pass-bg">
                    <span>When I click on Desktops tab</span>
      <div>
      </div>
                  </div>
                  <div class="step pass-bg">
                    <span>And I call selectMenu and pass all desktop "Show AllDesktops"</span>
      <div>
      </div>
                  </div>
                  <div class="step fail-bg">
                    <span>And I click on sort by position A to Z "Name: A to Z"</span>
      <div>
        <textarea disabled class="code-block">org.openqa.selenium.NoSuchElementException: Cannot locate option with text: Name: A to Z
For documentation on this error, please visit: https://www.selenium.dev/documentation/webdriver/troubleshooting/errors#no-such-element-exception
Build info: version: '4.15.0', revision: '1d14b5521b'
System info: os.name: 'Windows 11', os.arch: 'amd64', os.version: '10.0', java.version: '17.0.8'
Driver info: driver.version: unknown
	at org.openqa.selenium.support.ui.Select.selectByVisibleText(Select.java:153)
	at com.tutorialsninja.utility.Utility.selectByVisibleTextFromDropDown(Utility.java:154)
	at com.tutorialsninja.pages.DesktopsPage.sortByNameAToZPosition(DesktopsPage.java:69)
	at com.tutorialsninja.steps.DesktopSteps.iClickOnSortByPositionAToZ(DesktopSteps.java:35)
	at ✽.I click on sort by position A to Z "Name: A to Z"(file:///C:/Users/ankit/IdeaProjects/tutorialsninja-sw-6/src/test/resources/features/%20desktopstest.feature:23)
</textarea>
      
      </div>
                  </div>
                  <div class="step skip-bg">
                    <span>And I select the product "iPhone"</span>
      <div>Step skipped
      </div>
                  </div>
                  <div class="step skip-bg">
                    <span>And I get the text product "iPhone"</span>
      <div>Step skipped
      </div>
                  </div>
                  <div class="step skip-bg">
                    <span>And I enter qty one using select class</span>
      <div>Step skipped
      </div>
                  </div>
                  <div class="step skip-bg">
                    <span>And I click on add to cart button</span>
      <div>Step skipped
      </div>
                  </div>
                  <div class="step skip-bg">
                    <span>And I get the message Success: You have added "iPhone" to your shopping cart!</span>
      <div>Step skipped
      </div>
                  </div>
                  <div class="step skip-bg">
                    <span>And I click on shopping cart display into the success message</span>
      <div>Step skipped
      </div>
                  </div>
                  <div class="step skip-bg">
                    <span>Then I get a text "Shopping Cart"</span>
      <div>Step skipped
      </div>
                  </div>
                  <div class="step skip-bg">
                    <span>Then I get the product name "iPhone"</span>
      <div>Step skipped
      </div>
                  </div>
                  <div class="step skip-bg">
                    <span>Then I get the model name "product 11"</span>
      <div>Step skipped
      </div>
                  </div>
                  <div class="step skip-bg">
                    <span>Then I get the price "£75.46"</span>
      <div>Step skipped
      </div>
                  </div>
                  <div class="step pass-bg">
                    <span>com.tutorialsninja.steps.Hooks.tearDown(io.cucumber.java.Scenario)</span>
      <div>User should verify that product added to shopping cart successFully
          <div class="row mb-3"><div class="col-md-3">
<img data-featherlight='../screenshots/embedded3.png' src="../screenshots/embedded3.png">
    
    </div></div>
</div>
      <div>
      </div>
                  </div>
              </div>
            </div>
            <div class="card-body l1">
              <div class="card-header">
                <div class="card-title outline-child">
                  <div class="node" id="49"><span class="badge log fail-bg mr-2">Fail</span>User should verify that product added to shopping cart successFully</div>
                    <div class="status-avatar float-right">
                      <i class="fa fa-paperclip"></i>
                    </div>
                </div>
              </div>
              <div class="card-body mt-3 ">
                  <div class="step pass-bg">
                    <span>Given I am on home page</span>
      <div>
      </div>
                  </div>
                  <div class="step pass-bg">
                    <span>When I click on currency dropdown</span>
      <div>
      </div>
                  </div>
                  <div class="step pass-bg">
                    <span>And I click on £pound Sterling</span>
      <div>
      </div>
                  </div>
                  <div class="step pass-bg">
                    <span>When I click on Desktops tab</span>
      <div>
      </div>
                  </div>
                  <div class="step pass-bg">
                    <span>And I call selectMenu and pass all desktop "Show AllDesktops"</span>
      <div>
      </div>
                  </div>
                  <div class="step fail-bg">
                    <span>And I click on sort by position A to Z "Name: A to Z"</span>
      <div>
        <textarea disabled class="code-block">org.openqa.selenium.NoSuchElementException: Cannot locate option with text: Name: A to Z
For documentation on this error, please visit: https://www.selenium.dev/documentation/webdriver/troubleshooting/errors#no-such-element-exception
Build info: version: '4.15.0', revision: '1d14b5521b'
System info: os.name: 'Windows 11', os.arch: 'amd64', os.version: '10.0', java.version: '17.0.8'
Driver info: driver.version: unknown
	at org.openqa.selenium.support.ui.Select.selectByVisibleText(Select.java:153)
	at com.tutorialsninja.utility.Utility.selectByVisibleTextFromDropDown(Utility.java:154)
	at com.tutorialsninja.pages.DesktopsPage.sortByNameAToZPosition(DesktopsPage.java:69)
	at com.tutorialsninja.steps.DesktopSteps.iClickOnSortByPositionAToZ(DesktopSteps.java:35)
	at ✽.I click on sort by position A to Z "Name: A to Z"(file:///C:/Users/ankit/IdeaProjects/tutorialsninja-sw-6/src/test/resources/features/%20desktopstest.feature:23)
</textarea>
      
      </div>
                  </div>
                  <div class="step skip-bg">
                    <span>And I select the product "iPod Classic"</span>
      <div>Step skipped
      </div>
                  </div>
                  <div class="step skip-bg">
                    <span>And I get the text product "iPod Classic"</span>
      <div>Step skipped
      </div>
                  </div>
                  <div class="step skip-bg">
                    <span>And I enter qty one using select class</span>
      <div>Step skipped
      </div>
                  </div>
                  <div class="step skip-bg">
                    <span>And I click on add to cart button</span>
      <div>Step skipped
      </div>
                  </div>
                  <div class="step skip-bg">
                    <span>And I get the message Success: You have added "iPod Classic" to your shopping cart!</span>
      <div>Step skipped
      </div>
                  </div>
                  <div class="step skip-bg">
                    <span>And I click on shopping cart display into the success message</span>
      <div>Step skipped
      </div>
                  </div>
                  <div class="step skip-bg">
                    <span>Then I get a text "Shopping Cart"</span>
      <div>Step skipped
      </div>
                  </div>
                  <div class="step skip-bg">
                    <span>Then I get the product name "iPod Classic"</span>
      <div>Step skipped
      </div>
                  </div>
                  <div class="step skip-bg">
                    <span>Then I get the model name "product 20"</span>
      <div>Step skipped
      </div>
                  </div>
                  <div class="step skip-bg">
                    <span>Then I get the price "£74.73"</span>
      <div>Step skipped
      </div>
                  </div>
                  <div class="step pass-bg">
                    <span>com.tutorialsninja.steps.Hooks.tearDown(io.cucumber.java.Scenario)</span>
      <div>User should verify that product added to shopping cart successFully
          <div class="row mb-3"><div class="col-md-3">
<img data-featherlight='../screenshots/embedded4.png' src="../screenshots/embedded4.png">
    
    </div></div>
</div>
      <div>
      </div>
                  </div>
              </div>
            </div>
            <div class="card-body l1">
              <div class="card-header">
                <div class="card-title outline-child">
                  <div class="node" id="68"><span class="badge log fail-bg mr-2">Fail</span>User should verify that product added to shopping cart successFully</div>
                </div>
              </div>
              <div class="card-body mt-3 ">
                  <div class="step pass-bg">
                    <span>Given I am on home page</span>
      <div>
      </div>
                  </div>
                  <div class="step pass-bg">
                    <span>When I click on currency dropdown</span>
      <div>
      </div>
                  </div>
                  <div class="step pass-bg">
                    <span>And I click on £pound Sterling</span>
      <div>
      </div>
                  </div>
                  <div class="step pass-bg">
                    <span>When I click on Desktops tab</span>
      <div>
      </div>
                  </div>
                  <div class="step pass-bg">
                    <span>And I call selectMenu and pass all desktop "Show AllDesktops"</span>
      <div>
      </div>
                  </div>
                  <div class="step fail-bg">
                    <span>And I click on sort by position A to Z "Name: A to Z"</span>
      <div>
        <textarea disabled class="code-block">org.openqa.selenium.NoSuchWindowException: no such window: target window already closed
from unknown error: web view not found
  (Session info: chrome=120.0.6099.109)
Build info: version: '4.15.0', revision: '1d14b5521b'
System info: os.name: 'Windows 11', os.arch: 'amd64', os.version: '10.0', java.version: '17.0.8'
Driver info: org.openqa.selenium.chrome.ChromeDriver
Command: [f4ce535954875ce6b04d6fd7fa02a7df, findChildElements {id=379DAA865C1FFDF227FE3341D175DFFE_element_1463, using=xpath, value=.//option[contains(., "Name:")]}]
Capabilities {acceptInsecureCerts: false, browserName: chrome, browserVersion: 120.0.6099.109, chrome: {chromedriverVersion: 120.0.6099.71 (9729082fe617..., userDataDir: C:\Users\ankit\AppData\Loca...}, fedcm:accounts: true, goog:chromeOptions: {debuggerAddress: localhost:61275}, networkConnectionEnabled: false, pageLoadStrategy: normal, platformName: windows, proxy: Proxy(), se:cdp: ws://localhost:61275/devtoo..., se:cdpVersion: 120.0.6099.109, setWindowRect: true, strictFileInteractability: false, timeouts: {implicit: 0, pageLoad: 300000, script: 30000}, unhandledPromptBehavior: dismiss and notify, webauthn:extension:credBlob: true, webauthn:extension:largeBlob: true, webauthn:extension:minPinLength: true, webauthn:extension:prf: true, webauthn:virtualAuthenticators: true}
Session ID: f4ce535954875ce6b04d6fd7fa02a7df
	at java.base/jdk.internal.reflect.NativeConstructorAccessorImpl.newInstance0(Native Method)
	at java.base/jdk.internal.reflect.NativeConstructorAccessorImpl.newInstance(NativeConstructorAccessorImpl.java:77)
	at java.base/jdk.internal.reflect.DelegatingConstructorAccessorImpl.newInstance(DelegatingConstructorAccessorImpl.java:45)
	at java.base/java.lang.reflect.Constructor.newInstanceWithCaller(Constructor.java:499)
	at java.base/java.lang.reflect.Constructor.newInstance(Constructor.java:480)
	at org.openqa.selenium.remote.codec.w3c.W3CHttpResponseCodec.createException(W3CHttpResponseCodec.java:200)
	at org.openqa.selenium.remote.codec.w3c.W3CHttpResponseCodec.decode(W3CHttpResponseCodec.java:133)
	at org.openqa.selenium.remote.codec.w3c.W3CHttpResponseCodec.decode(W3CHttpResponseCodec.java:52)
	at org.openqa.selenium.remote.HttpCommandExecutor.execute(HttpCommandExecutor.java:191)
	at org.openqa.selenium.remote.service.DriverCommandExecutor.invokeExecute(DriverCommandExecutor.java:200)
	at org.openqa.selenium.remote.service.DriverCommandExecutor.execute(DriverCommandExecutor.java:175)
	at org.openqa.selenium.remote.RemoteWebDriver.execute(RemoteWebDriver.java:607)
	at org.openqa.selenium.remote.ElementLocation$ElementFinder$2.findElements(ElementLocation.java:182)
	at org.openqa.selenium.remote.ElementLocation.findElements(ElementLocation.java:103)
	at org.openqa.selenium.remote.RemoteWebDriver.findElements(RemoteWebDriver.java:377)
	at org.openqa.selenium.remote.RemoteWebElement.findElements(RemoteWebElement.java:204)
	at java.base/jdk.internal.reflect.NativeMethodAccessorImpl.invoke0(Native Method)
	at java.base/jdk.internal.reflect.NativeMethodAccessorImpl.invoke(NativeMethodAccessorImpl.java:77)
	at java.base/jdk.internal.reflect.DelegatingMethodAccessorImpl.invoke(DelegatingMethodAccessorImpl.java:43)
	at java.base/java.lang.reflect.Method.invoke(Method.java:568)
	at org.openqa.selenium.support.pagefactory.internal.LocatingElementHandler.invoke(LocatingElementHandler.java:51)
	at jdk.proxy2/jdk.proxy2.$Proxy29.findElements(Unknown Source)
	at org.openqa.selenium.support.ui.Select.selectByVisibleText(Select.java:135)
	at com.tutorialsninja.utility.Utility.selectByVisibleTextFromDropDown(Utility.java:154)
	at com.tutorialsninja.pages.DesktopsPage.sortByNameAToZPosition(DesktopsPage.java:69)
	at com.tutorialsninja.steps.DesktopSteps.iClickOnSortByPositionAToZ(DesktopSteps.java:35)
	at ✽.I click on sort by position A to Z "Name: A to Z"(file:///C:/Users/ankit/IdeaProjects/tutorialsninja-sw-6/src/test/resources/features/%20desktopstest.feature:23)
</textarea>
      
      </div>
                  </div>
                  <div class="step skip-bg">
                    <span>And I select the product "MacBook"</span>
      <div>Step skipped
      </div>
                  </div>
                  <div class="step skip-bg">
                    <span>And I get the text product "MacBook"</span>
      <div>Step skipped
      </div>
                  </div>
                  <div class="step skip-bg">
                    <span>And I enter qty one using select class</span>
      <div>Step skipped
      </div>
                  </div>
                  <div class="step skip-bg">
                    <span>And I click on add to cart button</span>
      <div>Step skipped
      </div>
                  </div>
                  <div class="step skip-bg">
                    <span>And I get the message Success: You have added "MacBook" to your shopping cart!</span>
      <div>Step skipped
      </div>
                  </div>
                  <div class="step skip-bg">
                    <span>And I click on shopping cart display into the success message</span>
      <div>Step skipped
      </div>
                  </div>
                  <div class="step skip-bg">
                    <span>Then I get a text "Shopping Cart"</span>
      <div>Step skipped
      </div>
                  </div>
                  <div class="step skip-bg">
                    <span>Then I get the product name "MacBook"</span>
      <div>Step skipped
      </div>
                  </div>
                  <div class="step skip-bg">
                    <span>Then I get the model name "Product 16"</span>
      <div>Step skipped
      </div>
                  </div>
                  <div class="step skip-bg">
                    <span>Then I get the price "£368.73"</span>
      <div>Step skipped
      </div>
                  </div>
                  <div class="step fail-bg">
                    <span>com.tutorialsninja.steps.Hooks.tearDown(io.cucumber.java.Scenario)</span>
      <div>
        <textarea disabled class="code-block">org.openqa.selenium.NoSuchWindowException: no such window: target window already closed
from unknown error: web view not found
  (Session info: chrome=120.0.6099.109)
Build info: version: '4.15.0', revision: '1d14b5521b'
System info: os.name: 'Windows 11', os.arch: 'amd64', os.version: '10.0', java.version: '17.0.8'
Driver info: org.openqa.selenium.chrome.ChromeDriver
Command: [f4ce535954875ce6b04d6fd7fa02a7df, screenshot {}]
Capabilities {acceptInsecureCerts: false, browserName: chrome, browserVersion: 120.0.6099.109, chrome: {chromedriverVersion: 120.0.6099.71 (9729082fe617..., userDataDir: C:\Users\ankit\AppData\Loca...}, fedcm:accounts: true, goog:chromeOptions: {debuggerAddress: localhost:61275}, networkConnectionEnabled: false, pageLoadStrategy: normal, platformName: windows, proxy: Proxy(), se:cdp: ws://localhost:61275/devtoo..., se:cdpVersion: 120.0.6099.109, setWindowRect: true, strictFileInteractability: false, timeouts: {implicit: 0, pageLoad: 300000, script: 30000}, unhandledPromptBehavior: dismiss and notify, webauthn:extension:credBlob: true, webauthn:extension:largeBlob: true, webauthn:extension:minPinLength: true, webauthn:extension:prf: true, webauthn:virtualAuthenticators: true}
Session ID: f4ce535954875ce6b04d6fd7fa02a7df
	at java.base/jdk.internal.reflect.NativeConstructorAccessorImpl.newInstance0(Native Method)
	at java.base/jdk.internal.reflect.NativeConstructorAccessorImpl.newInstance(NativeConstructorAccessorImpl.java:77)
	at java.base/jdk.internal.reflect.DelegatingConstructorAccessorImpl.newInstance(DelegatingConstructorAccessorImpl.java:45)
	at java.base/java.lang.reflect.Constructor.newInstanceWithCaller(Constructor.java:499)
	at java.base/java.lang.reflect.Constructor.newInstance(Constructor.java:480)
	at org.openqa.selenium.remote.codec.w3c.W3CHttpResponseCodec.createException(W3CHttpResponseCodec.java:200)
	at org.openqa.selenium.remote.codec.w3c.W3CHttpResponseCodec.decode(W3CHttpResponseCodec.java:133)
	at org.openqa.selenium.remote.codec.w3c.W3CHttpResponseCodec.decode(W3CHttpResponseCodec.java:52)
	at org.openqa.selenium.remote.HttpCommandExecutor.execute(HttpCommandExecutor.java:191)
	at org.openqa.selenium.remote.service.DriverCommandExecutor.invokeExecute(DriverCommandExecutor.java:200)
	at org.openqa.selenium.remote.service.DriverCommandExecutor.execute(DriverCommandExecutor.java:175)
	at org.openqa.selenium.remote.RemoteWebDriver.execute(RemoteWebDriver.java:607)
	at org.openqa.selenium.remote.RemoteWebDriver.execute(RemoteWebDriver.java:680)
	at org.openqa.selenium.remote.RemoteWebDriver.execute(RemoteWebDriver.java:684)
	at org.openqa.selenium.remote.RemoteWebDriver.getScreenshotAs(RemoteWebDriver.java:330)
	at com.tutorialsninja.utility.Utility.getScreenShot(Utility.java:360)
	at com.tutorialsninja.steps.Hooks.tearDown(Hooks.java:20)
</textarea>
      
      </div>
                  </div>
              </div>
            </div>
            <div class="card-body l1">
              <div class="card-header">
                <div class="card-title outline-child">
                  <div class="node" id="87"><span class="badge log fail-bg mr-2">Fail</span>User should verify that product added to shopping cart successFully</div>
                </div>
              </div>
              <div class="card-body mt-3 ">
                  <div class="step pass-bg">
                    <span>Given I am on home page</span>
      <div>
      </div>
                  </div>
                  <div class="step pass-bg">
                    <span>When I click on currency dropdown</span>
      <div>
      </div>
                  </div>
                  <div class="step pass-bg">
                    <span>And I click on £pound Sterling</span>
      <div>
      </div>
                  </div>
                  <div class="step pass-bg">
                    <span>When I click on Desktops tab</span>
      <div>
      </div>
                  </div>
                  <div class="step pass-bg">
                    <span>And I call selectMenu and pass all desktop "Show AllDesktops"</span>
      <div>
      </div>
                  </div>
                  <div class="step fail-bg">
                    <span>And I click on sort by position A to Z "Name: A to Z"</span>
      <div>
        <textarea disabled class="code-block">org.openqa.selenium.NoSuchWindowException: no such window: target window already closed
from unknown error: web view not found
  (Session info: chrome=120.0.6099.109)
Build info: version: '4.15.0', revision: '1d14b5521b'
System info: os.name: 'Windows 11', os.arch: 'amd64', os.version: '10.0', java.version: '17.0.8'
Driver info: org.openqa.selenium.chrome.ChromeDriver
Command: [1a367c1763eed6a611b365902a4d8608, findChildElements {id=2AACDFF5D7BC2D4959ECE2F904108034_element_1463, using=xpath, value=.//option[contains(., "Name:")]}]
Capabilities {acceptInsecureCerts: false, browserName: chrome, browserVersion: 120.0.6099.109, chrome: {chromedriverVersion: 120.0.6099.71 (9729082fe617..., userDataDir: C:\Users\ankit\AppData\Loca...}, fedcm:accounts: true, goog:chromeOptions: {debuggerAddress: localhost:61322}, networkConnectionEnabled: false, pageLoadStrategy: normal, platformName: windows, proxy: Proxy(), se:cdp: ws://localhost:61322/devtoo..., se:cdpVersion: 120.0.6099.109, setWindowRect: true, strictFileInteractability: false, timeouts: {implicit: 0, pageLoad: 300000, script: 30000}, unhandledPromptBehavior: dismiss and notify, webauthn:extension:credBlob: true, webauthn:extension:largeBlob: true, webauthn:extension:minPinLength: true, webauthn:extension:prf: true, webauthn:virtualAuthenticators: true}
Session ID: 1a367c1763eed6a611b365902a4d8608
	at java.base/jdk.internal.reflect.NativeConstructorAccessorImpl.newInstance0(Native Method)
	at java.base/jdk.internal.reflect.NativeConstructorAccessorImpl.newInstance(NativeConstructorAccessorImpl.java:77)
	at java.base/jdk.internal.reflect.DelegatingConstructorAccessorImpl.newInstance(DelegatingConstructorAccessorImpl.java:45)
	at java.base/java.lang.reflect.Constructor.newInstanceWithCaller(Constructor.java:499)
	at java.base/java.lang.reflect.Constructor.newInstance(Constructor.java:480)
	at org.openqa.selenium.remote.codec.w3c.W3CHttpResponseCodec.createException(W3CHttpResponseCodec.java:200)
	at org.openqa.selenium.remote.codec.w3c.W3CHttpResponseCodec.decode(W3CHttpResponseCodec.java:133)
	at org.openqa.selenium.remote.codec.w3c.W3CHttpResponseCodec.decode(W3CHttpResponseCodec.java:52)
	at org.openqa.selenium.remote.HttpCommandExecutor.execute(HttpCommandExecutor.java:191)
	at org.openqa.selenium.remote.service.DriverCommandExecutor.invokeExecute(DriverCommandExecutor.java:200)
	at org.openqa.selenium.remote.service.DriverCommandExecutor.execute(DriverCommandExecutor.java:175)
	at org.openqa.selenium.remote.RemoteWebDriver.execute(RemoteWebDriver.java:607)
	at org.openqa.selenium.remote.ElementLocation$ElementFinder$2.findElements(ElementLocation.java:182)
	at org.openqa.selenium.remote.ElementLocation.findElements(ElementLocation.java:103)
	at org.openqa.selenium.remote.RemoteWebDriver.findElements(RemoteWebDriver.java:377)
	at org.openqa.selenium.remote.RemoteWebElement.findElements(RemoteWebElement.java:204)
	at java.base/jdk.internal.reflect.NativeMethodAccessorImpl.invoke0(Native Method)
	at java.base/jdk.internal.reflect.NativeMethodAccessorImpl.invoke(NativeMethodAccessorImpl.java:77)
	at java.base/jdk.internal.reflect.DelegatingMethodAccessorImpl.invoke(DelegatingMethodAccessorImpl.java:43)
	at java.base/java.lang.reflect.Method.invoke(Method.java:568)
	at org.openqa.selenium.support.pagefactory.internal.LocatingElementHandler.invoke(LocatingElementHandler.java:51)
	at jdk.proxy2/jdk.proxy2.$Proxy29.findElements(Unknown Source)
	at org.openqa.selenium.support.ui.Select.selectByVisibleText(Select.java:135)
	at com.tutorialsninja.utility.Utility.selectByVisibleTextFromDropDown(Utility.java:154)
	at com.tutorialsninja.pages.DesktopsPage.sortByNameAToZPosition(DesktopsPage.java:69)
	at com.tutorialsninja.steps.DesktopSteps.iClickOnSortByPositionAToZ(DesktopSteps.java:35)
	at ✽.I click on sort by position A to Z "Name: A to Z"(file:///C:/Users/ankit/IdeaProjects/tutorialsninja-sw-6/src/test/resources/features/%20desktopstest.feature:23)
</textarea>
      
      </div>
                  </div>
                  <div class="step skip-bg">
                    <span>And I select the product "MacBook Air"</span>
      <div>Step skipped
      </div>
                  </div>
                  <div class="step skip-bg">
                    <span>And I get the text product "MacBook Air"</span>
      <div>Step skipped
      </div>
                  </div>
                  <div class="step skip-bg">
                    <span>And I enter qty one using select class</span>
      <div>Step skipped
      </div>
                  </div>
                  <div class="step skip-bg">
                    <span>And I click on add to cart button</span>
      <div>Step skipped
      </div>
                  </div>
                  <div class="step skip-bg">
                    <span>And I get the message Success: You have added "MacBook Air" to your shopping cart!</span>
      <div>Step skipped
      </div>
                  </div>
                  <div class="step skip-bg">
                    <span>And I click on shopping cart display into the success message</span>
      <div>Step skipped
      </div>
                  </div>
                  <div class="step skip-bg">
                    <span>Then I get a text "Shopping Cart"</span>
      <div>Step skipped
      </div>
                  </div>
                  <div class="step skip-bg">
                    <span>Then I get the product name "MacBook Air"</span>
      <div>Step skipped
      </div>
                  </div>
                  <div class="step skip-bg">
                    <span>Then I get the model name "Product 17"</span>
      <div>Step skipped
      </div>
                  </div>
                  <div class="step skip-bg">
                    <span>Then I get the price "£736.23"</span>
      <div>Step skipped
      </div>
                  </div>
                  <div class="step fail-bg">
                    <span>com.tutorialsninja.steps.Hooks.tearDown(io.cucumber.java.Scenario)</span>
      <div>
        <textarea disabled class="code-block">org.openqa.selenium.NoSuchWindowException: no such window: target window already closed
from unknown error: web view not found
  (Session info: chrome=120.0.6099.109)
Build info: version: '4.15.0', revision: '1d14b5521b'
System info: os.name: 'Windows 11', os.arch: 'amd64', os.version: '10.0', java.version: '17.0.8'
Driver info: org.openqa.selenium.chrome.ChromeDriver
Command: [1a367c1763eed6a611b365902a4d8608, screenshot {}]
Capabilities {acceptInsecureCerts: false, browserName: chrome, browserVersion: 120.0.6099.109, chrome: {chromedriverVersion: 120.0.6099.71 (9729082fe617..., userDataDir: C:\Users\ankit\AppData\Loca...}, fedcm:accounts: true, goog:chromeOptions: {debuggerAddress: localhost:61322}, networkConnectionEnabled: false, pageLoadStrategy: normal, platformName: windows, proxy: Proxy(), se:cdp: ws://localhost:61322/devtoo..., se:cdpVersion: 120.0.6099.109, setWindowRect: true, strictFileInteractability: false, timeouts: {implicit: 0, pageLoad: 300000, script: 30000}, unhandledPromptBehavior: dismiss and notify, webauthn:extension:credBlob: true, webauthn:extension:largeBlob: true, webauthn:extension:minPinLength: true, webauthn:extension:prf: true, webauthn:virtualAuthenticators: true}
Session ID: 1a367c1763eed6a611b365902a4d8608
	at java.base/jdk.internal.reflect.NativeConstructorAccessorImpl.newInstance0(Native Method)
	at java.base/jdk.internal.reflect.NativeConstructorAccessorImpl.newInstance(NativeConstructorAccessorImpl.java:77)
	at java.base/jdk.internal.reflect.DelegatingConstructorAccessorImpl.newInstance(DelegatingConstructorAccessorImpl.java:45)
	at java.base/java.lang.reflect.Constructor.newInstanceWithCaller(Constructor.java:499)
	at java.base/java.lang.reflect.Constructor.newInstance(Constructor.java:480)
	at org.openqa.selenium.remote.codec.w3c.W3CHttpResponseCodec.createException(W3CHttpResponseCodec.java:200)
	at org.openqa.selenium.remote.codec.w3c.W3CHttpResponseCodec.decode(W3CHttpResponseCodec.java:133)
	at org.openqa.selenium.remote.codec.w3c.W3CHttpResponseCodec.decode(W3CHttpResponseCodec.java:52)
	at org.openqa.selenium.remote.HttpCommandExecutor.execute(HttpCommandExecutor.java:191)
	at org.openqa.selenium.remote.service.DriverCommandExecutor.invokeExecute(DriverCommandExecutor.java:200)
	at org.openqa.selenium.remote.service.DriverCommandExecutor.execute(DriverCommandExecutor.java:175)
	at org.openqa.selenium.remote.RemoteWebDriver.execute(RemoteWebDriver.java:607)
	at org.openqa.selenium.remote.RemoteWebDriver.execute(RemoteWebDriver.java:680)
	at org.openqa.selenium.remote.RemoteWebDriver.execute(RemoteWebDriver.java:684)
	at org.openqa.selenium.remote.RemoteWebDriver.getScreenshotAs(RemoteWebDriver.java:330)
	at com.tutorialsninja.utility.Utility.getScreenShot(Utility.java:360)
	at com.tutorialsninja.steps.Hooks.tearDown(Hooks.java:20)
</textarea>
      
      </div>
                  </div>
              </div>
            </div>
            <div class="card-body l1">
              <div class="card-header">
                <div class="card-title outline-child">
                  <div class="node" id="106"><span class="badge log fail-bg mr-2">Fail</span>User should verify that product added to shopping cart successFully</div>
                </div>
              </div>
              <div class="card-body mt-3 ">
                  <div class="step pass-bg">
                    <span>Given I am on home page</span>
      <div>
      </div>
                  </div>
                  <div class="step pass-bg">
                    <span>When I click on currency dropdown</span>
      <div>
      </div>
                  </div>
                  <div class="step pass-bg">
                    <span>And I click on £pound Sterling</span>
      <div>
      </div>
                  </div>
                  <div class="step pass-bg">
                    <span>When I click on Desktops tab</span>
      <div>
      </div>
                  </div>
                  <div class="step pass-bg">
                    <span>And I call selectMenu and pass all desktop "Show AllDesktops"</span>
      <div>
      </div>
                  </div>
                  <div class="step fail-bg">
                    <span>And I click on sort by position A to Z "Name: A to Z"</span>
      <div>
        <textarea disabled class="code-block">org.openqa.selenium.NoSuchWindowException: no such window: target window already closed
from unknown error: web view not found
  (Session info: chrome=120.0.6099.109)
Build info: version: '4.15.0', revision: '1d14b5521b'
System info: os.name: 'Windows 11', os.arch: 'amd64', os.version: '10.0', java.version: '17.0.8'
Driver info: org.openqa.selenium.chrome.ChromeDriver
Command: [b24f1d5e1669e164dfc4f2e7c7ac7de0, findChildElements {id=DB8B4AEA21241CC83A3A21CE0A76B668_element_1468, using=xpath, value=.//option[contains(., "Name:")]}]
Capabilities {acceptInsecureCerts: false, browserName: chrome, browserVersion: 120.0.6099.109, chrome: {chromedriverVersion: 120.0.6099.71 (9729082fe617..., userDataDir: C:\Users\ankit\AppData\Loca...}, fedcm:accounts: true, goog:chromeOptions: {debuggerAddress: localhost:61347}, networkConnectionEnabled: false, pageLoadStrategy: normal, platformName: windows, proxy: Proxy(), se:cdp: ws://localhost:61347/devtoo..., se:cdpVersion: 120.0.6099.109, setWindowRect: true, strictFileInteractability: false, timeouts: {implicit: 0, pageLoad: 300000, script: 30000}, unhandledPromptBehavior: dismiss and notify, webauthn:extension:credBlob: true, webauthn:extension:largeBlob: true, webauthn:extension:minPinLength: true, webauthn:extension:prf: true, webauthn:virtualAuthenticators: true}
Session ID: b24f1d5e1669e164dfc4f2e7c7ac7de0
	at java.base/jdk.internal.reflect.NativeConstructorAccessorImpl.newInstance0(Native Method)
	at java.base/jdk.internal.reflect.NativeConstructorAccessorImpl.newInstance(NativeConstructorAccessorImpl.java:77)
	at java.base/jdk.internal.reflect.DelegatingConstructorAccessorImpl.newInstance(DelegatingConstructorAccessorImpl.java:45)
	at java.base/java.lang.reflect.Constructor.newInstanceWithCaller(Constructor.java:499)
	at java.base/java.lang.reflect.Constructor.newInstance(Constructor.java:480)
	at org.openqa.selenium.remote.codec.w3c.W3CHttpResponseCodec.createException(W3CHttpResponseCodec.java:200)
	at org.openqa.selenium.remote.codec.w3c.W3CHttpResponseCodec.decode(W3CHttpResponseCodec.java:133)
	at org.openqa.selenium.remote.codec.w3c.W3CHttpResponseCodec.decode(W3CHttpResponseCodec.java:52)
	at org.openqa.selenium.remote.HttpCommandExecutor.execute(HttpCommandExecutor.java:191)
	at org.openqa.selenium.remote.service.DriverCommandExecutor.invokeExecute(DriverCommandExecutor.java:200)
	at org.openqa.selenium.remote.service.DriverCommandExecutor.execute(DriverCommandExecutor.java:175)
	at org.openqa.selenium.remote.RemoteWebDriver.execute(RemoteWebDriver.java:607)
	at org.openqa.selenium.remote.ElementLocation$ElementFinder$2.findElements(ElementLocation.java:182)
	at org.openqa.selenium.remote.ElementLocation.findElements(ElementLocation.java:103)
	at org.openqa.selenium.remote.RemoteWebDriver.findElements(RemoteWebDriver.java:377)
	at org.openqa.selenium.remote.RemoteWebElement.findElements(RemoteWebElement.java:204)
	at java.base/jdk.internal.reflect.NativeMethodAccessorImpl.invoke0(Native Method)
	at java.base/jdk.internal.reflect.NativeMethodAccessorImpl.invoke(NativeMethodAccessorImpl.java:77)
	at java.base/jdk.internal.reflect.DelegatingMethodAccessorImpl.invoke(DelegatingMethodAccessorImpl.java:43)
	at java.base/java.lang.reflect.Method.invoke(Method.java:568)
	at org.openqa.selenium.support.pagefactory.internal.LocatingElementHandler.invoke(LocatingElementHandler.java:51)
	at jdk.proxy2/jdk.proxy2.$Proxy29.findElements(Unknown Source)
	at org.openqa.selenium.support.ui.Select.selectByVisibleText(Select.java:135)
	at com.tutorialsninja.utility.Utility.selectByVisibleTextFromDropDown(Utility.java:154)
	at com.tutorialsninja.pages.DesktopsPage.sortByNameAToZPosition(DesktopsPage.java:69)
	at com.tutorialsninja.steps.DesktopSteps.iClickOnSortByPositionAToZ(DesktopSteps.java:35)
	at ✽.I click on sort by position A to Z "Name: A to Z"(file:///C:/Users/ankit/IdeaProjects/tutorialsninja-sw-6/src/test/resources/features/%20desktopstest.feature:23)
</textarea>
      
      </div>
                  </div>
                  <div class="step skip-bg">
                    <span>And I select the product "Sony VAIO"</span>
      <div>Step skipped
      </div>
                  </div>
                  <div class="step skip-bg">
                    <span>And I get the text product "Sony VAIO"</span>
      <div>Step skipped
      </div>
                  </div>
                  <div class="step skip-bg">
                    <span>And I enter qty one using select class</span>
      <div>Step skipped
      </div>
                  </div>
                  <div class="step skip-bg">
                    <span>And I click on add to cart button</span>
      <div>Step skipped
      </div>
                  </div>
                  <div class="step skip-bg">
                    <span>And I get the message Success: You have added "Sony VAIO" to your shopping cart!</span>
      <div>Step skipped
      </div>
                  </div>
                  <div class="step skip-bg">
                    <span>And I click on shopping cart display into the success message</span>
      <div>Step skipped
      </div>
                  </div>
                  <div class="step skip-bg">
                    <span>Then I get a text "Shopping Cart"</span>
      <div>Step skipped
      </div>
                  </div>
                  <div class="step skip-bg">
                    <span>Then I get the product name "Sony VAIO"</span>
      <div>Step skipped
      </div>
                  </div>
                  <div class="step skip-bg">
                    <span>Then I get the model name "Product 19"</span>
      <div>Step skipped
      </div>
                  </div>
                  <div class="step skip-bg">
                    <span>Then I get the price "£736.23"</span>
      <div>Step skipped
      </div>
                  </div>
                  <div class="step fail-bg">
                    <span>com.tutorialsninja.steps.Hooks.tearDown(io.cucumber.java.Scenario)</span>
      <div>
        <textarea disabled class="code-block">org.openqa.selenium.NoSuchWindowException: no such window: target window already closed
from unknown error: web view not found
  (Session info: chrome=120.0.6099.109)
Build info: version: '4.15.0', revision: '1d14b5521b'
System info: os.name: 'Windows 11', os.arch: 'amd64', os.version: '10.0', java.version: '17.0.8'
Driver info: org.openqa.selenium.chrome.ChromeDriver
Command: [b24f1d5e1669e164dfc4f2e7c7ac7de0, screenshot {}]
Capabilities {acceptInsecureCerts: false, browserName: chrome, browserVersion: 120.0.6099.109, chrome: {chromedriverVersion: 120.0.6099.71 (9729082fe617..., userDataDir: C:\Users\ankit\AppData\Loca...}, fedcm:accounts: true, goog:chromeOptions: {debuggerAddress: localhost:61347}, networkConnectionEnabled: false, pageLoadStrategy: normal, platformName: windows, proxy: Proxy(), se:cdp: ws://localhost:61347/devtoo..., se:cdpVersion: 120.0.6099.109, setWindowRect: true, strictFileInteractability: false, timeouts: {implicit: 0, pageLoad: 300000, script: 30000}, unhandledPromptBehavior: dismiss and notify, webauthn:extension:credBlob: true, webauthn:extension:largeBlob: true, webauthn:extension:minPinLength: true, webauthn:extension:prf: true, webauthn:virtualAuthenticators: true}
Session ID: b24f1d5e1669e164dfc4f2e7c7ac7de0
	at java.base/jdk.internal.reflect.NativeConstructorAccessorImpl.newInstance0(Native Method)
	at java.base/jdk.internal.reflect.NativeConstructorAccessorImpl.newInstance(NativeConstructorAccessorImpl.java:77)
	at java.base/jdk.internal.reflect.DelegatingConstructorAccessorImpl.newInstance(DelegatingConstructorAccessorImpl.java:45)
	at java.base/java.lang.reflect.Constructor.newInstanceWithCaller(Constructor.java:499)
	at java.base/java.lang.reflect.Constructor.newInstance(Constructor.java:480)
	at org.openqa.selenium.remote.codec.w3c.W3CHttpResponseCodec.createException(W3CHttpResponseCodec.java:200)
	at org.openqa.selenium.remote.codec.w3c.W3CHttpResponseCodec.decode(W3CHttpResponseCodec.java:133)
	at org.openqa.selenium.remote.codec.w3c.W3CHttpResponseCodec.decode(W3CHttpResponseCodec.java:52)
	at org.openqa.selenium.remote.HttpCommandExecutor.execute(HttpCommandExecutor.java:191)
	at org.openqa.selenium.remote.service.DriverCommandExecutor.invokeExecute(DriverCommandExecutor.java:200)
	at org.openqa.selenium.remote.service.DriverCommandExecutor.execute(DriverCommandExecutor.java:175)
	at org.openqa.selenium.remote.RemoteWebDriver.execute(RemoteWebDriver.java:607)
	at org.openqa.selenium.remote.RemoteWebDriver.execute(RemoteWebDriver.java:680)
	at org.openqa.selenium.remote.RemoteWebDriver.execute(RemoteWebDriver.java:684)
	at org.openqa.selenium.remote.RemoteWebDriver.getScreenshotAs(RemoteWebDriver.java:330)
	at com.tutorialsninja.utility.Utility.getScreenShot(Utility.java:360)
	at com.tutorialsninja.steps.Hooks.tearDown(Hooks.java:20)
</textarea>
      
      </div>
                  </div>
              </div>
            </div>
        </div>
  </div>
</div>
          </div>
        </li>
        <li class="test-item"  status="pass" test-id="125"
          author=""
          tag=""
          device="">
          <div class="test-detail">
            <p class="name">Top menu test Feature</p>
            <p class="text-sm">
              <span>01:07:54</span> / <span>00:00:51:232</span>
              <span class="badge pass-bg log float-right">Pass</span>
            </p>
          </div>
          <div class="test-contents d-none">
<div class="detail-head">
<div class="p-v-10">
<div class="info">
<h5 class="test-status text-pass">Top menu test Feature</h5>
<span class='badge badge-success'>12.18.2023 01:07:54</span>
<span class='badge badge-danger'>12.18.2023 01:08:45</span>
<span class='badge badge-default'>00:00:51:232</span>
&middot; <span class='uri-anchor badge badge-default'>#test-id=125</span>
<span class='badge badge-default pointer float-right ml-1 et'><i class="fa fa-chevron-down"></i></span>
<span class='badge badge-default pointer float-right ct'><i class="fa fa-chevron-up"></i></span>
</div>
<div class="m-t-10 m-l-5"> In Order to test top menu of home page
As a User
I have to click and verify all option of top menu</div>
</div>
</div>
<div class="accordion mt-4">
  <div class="card">
    <div class="card-header" role="tab">
      <div class="card-title">
        <div class="node" id="126"><span class="badge log pass-bg mr-2">Pass</span>User should navigate to Desktops page successfully</div>
      </div>
    </div>
        <div class="collapse">
          <div class="card-body">
              <div class="step pass-bg" title="com.tutorialsninja.steps.TopMenuSteps.iAmOnHomePage()">
                <span>Given I am on home page</span>
      <div>
      </div>
              </div>
              <div class="step pass-bg" title="com.tutorialsninja.steps.TopMenuSteps.iClickOnDesktopsTab()">
                <span>When I click on Desktops tab</span>
      <div>
      </div>
              </div>
              <div class="step pass-bg" title="com.tutorialsninja.steps.TopMenuSteps.iCallSelectMenuAndPassAllDesktop(java.lang.String)">
                <span>And I call selectMenu and pass all desktop "Show AllDesktops"</span>
      <div>
      </div>
              </div>
              <div class="step pass-bg" title="com.tutorialsninja.steps.TopMenuSteps.iShouldNavigateToDesktopPage()">
                <span>And I should navigate to desktop page</span>
      <div>
      </div>
              </div>
              <div class="step pass-bg" title="com.tutorialsninja.steps.TopMenuSteps.iShouldGetDesktopTextLike(java.lang.String)">
                <span>Then I should get desktop text like "Desktops"</span>
      <div>
      </div>
              </div>
          </div>
        </div>
  </div>
  <div class="card">
    <div class="card-header" role="tab">
      <div class="card-title">
        <div class="node" id="134"><span class="badge log pass-bg mr-2">Pass</span>User should navigate to Laptops and Notebooks page successfully</div>
      </div>
    </div>
        <div class="collapse">
          <div class="card-body">
              <div class="step pass-bg" title="com.tutorialsninja.steps.TopMenuSteps.iAmOnHomePage()">
                <span>Given I am on home page</span>
      <div>
      </div>
              </div>
              <div class="step pass-bg" title="com.tutorialsninja.steps.TopMenuSteps.iClickOnLaptopAndNotebooksTab()">
                <span>When I click on Laptop and Notebooks tab</span>
      <div>
      </div>
              </div>
              <div class="step pass-bg" title="com.tutorialsninja.steps.TopMenuSteps.iCallSelectMenuAndPassAllLaptopAndNotebook(java.lang.String)">
                <span>And I call selectMenu and pass all laptop and notebook "Show AllLaptops & Notebooks"</span>
      <div>
      </div>
              </div>
              <div class="step pass-bg" title="com.tutorialsninja.steps.TopMenuSteps.iShouldNavigateToLaptopAndNotebookPage()">
                <span>And I should navigate to laptop and notebook page</span>
      <div>
      </div>
              </div>
              <div class="step pass-bg" title="com.tutorialsninja.steps.TopMenuSteps.iShouldGetLaptopAndNotebookTextLike(java.lang.String)">
                <span>Then I should get laptop and notebook text like "Laptops & Notebooks"</span>
      <div>
      </div>
              </div>
          </div>
        </div>
  </div>
  <div class="card">
    <div class="card-header" role="tab">
      <div class="card-title">
        <div class="node" id="142"><span class="badge log pass-bg mr-2">Pass</span>User should navigate to Components page successfully</div>
      </div>
    </div>
        <div class="collapse">
          <div class="card-body">
              <div class="step pass-bg" title="com.tutorialsninja.steps.TopMenuSteps.iAmOnHomePage()">
                <span>Given I am on home page</span>
      <div>
      </div>
              </div>
              <div class="step pass-bg" title="com.tutorialsninja.steps.TopMenuSteps.iClickOnComponentsTab()">
                <span>When I click on Components tab</span>
      <div>
      </div>
              </div>
              <div class="step pass-bg" title="com.tutorialsninja.steps.TopMenuSteps.iCallSelectMenuAndPassAllComponents(java.lang.String)">
                <span>And I call selectMenu and pass all components "Show AllComponents"</span>
      <div>
      </div>
              </div>
              <div class="step pass-bg" title="com.tutorialsninja.steps.TopMenuSteps.iShouldNavigateToComponentsPage()">
                <span>And I should navigate to Components page</span>
      <div>
      </div>
              </div>
              <div class="step pass-bg" title="com.tutorialsninja.steps.TopMenuSteps.iShouldGetComponentsLike(java.lang.String)">
                <span>Then I should get components like "Components"</span>
      <div>
      </div>
              </div>
          </div>
        </div>
  </div>
</div>
          </div>
        </li>
      </ul>
    </div>
  </div>
<div class="test-content scrollable">
<div class="test-content-tools">
<ul><li><a class="back-to-test" href="#"><i class="fa fa-arrow-left"></i></a></li></ul>
</div>
<div class="test-content-detail"><div class="detail-body"></div></div>
</div></div>
<div class="test-wrapper row view category-view attributes-view">
<div class="test-list">
<div class="test-list-tools">
<ul class="tools pull-left"><li><a href=""><span class="font-size-14">Category</span></a></li></ul>
<ul class="tools text-right"><li><a href="#"><span class="badge badge-primary">3</span></a></li></ul>
</div>
<div class="test-list-wrapper scrollable">
<ul class="test-list-item">
<li class="test-item">
<div class="test-detail">
<span class="meta">
<span class='badge log pass-bg'>3</span>
<span class='badge log badge-danger'>7</span>
</span>
<p class="name">@regression</p>
<p class="duration text-sm">10 tests</p>
</div>
<div class="test-contents d-none">
<div class="info">
<h4>@regression</h4>
<span status="pass" class='badge log pass-bg'>3 passed</span>
<span status="fail" class='badge log badge-danger'>7 failed</span>
</div>
<table class='table table-sm mt-4'>
<thead>
<tr>
<th class="status-col">Status</th>
<th class="timestamp-col">Timestamp</th>
<th>TestName</th>
</tr>
</thead>
<tbody>
<tr class="tag-test-status" status="fail">
<td><span class="badge log fail-bg">Fail</span></td>
<td>01:02:41 am</td>
<td>
<a href="#" class="linked" test-id='1' id='2'>User should verify product arrange in alphabetical order</a>
<div class="">
<span class="badge badge-default">Desktop test.User should verify product arrange in alphabetical order</span>
</div>
</td>
</tr>
<tr class="tag-test-status" status="fail">
<td><span class="badge log fail-bg">Fail</span></td>
<td>01:03:49 am</td>
<td>
<a href="#" class="linked" test-id='1' id='11'>User should verify that product added to shopping cart successFully</a>
<div class="">
<span class="badge badge-default">Desktop test.User should verify that product added to shopping cart successFully</span>
</div>
</td>
</tr>
<tr class="tag-test-status" status="fail">
<td><span class="badge log fail-bg">Fail</span></td>
<td>01:04:41 am</td>
<td>
<a href="#" class="linked" test-id='1' id='30'>User should verify that product added to shopping cart successFully</a>
<div class="">
<span class="badge badge-default">Desktop test.User should verify that product added to shopping cart successFully</span>
</div>
</td>
</tr>
<tr class="tag-test-status" status="fail">
<td><span class="badge log fail-bg">Fail</span></td>
<td>01:05:31 am</td>
<td>
<a href="#" class="linked" test-id='1' id='49'>User should verify that product added to shopping cart successFully</a>
<div class="">
<span class="badge badge-default">Desktop test.User should verify that product added to shopping cart successFully</span>
</div>
</td>
</tr>
<tr class="tag-test-status" status="fail">
<td><span class="badge log fail-bg">Fail</span></td>
<td>01:06:23 am</td>
<td>
<a href="#" class="linked" test-id='1' id='68'>User should verify that product added to shopping cart successFully</a>
<div class="">
<span class="badge badge-default">Desktop test.User should verify that product added to shopping cart successFully</span>
</div>
</td>
</tr>
<tr class="tag-test-status" status="fail">
<td><span class="badge log fail-bg">Fail</span></td>
<td>01:07:01 am</td>
<td>
<a href="#" class="linked" test-id='1' id='87'>User should verify that product added to shopping cart successFully</a>
<div class="">
<span class="badge badge-default">Desktop test.User should verify that product added to shopping cart successFully</span>
</div>
</td>
</tr>
<tr class="tag-test-status" status="fail">
<td><span class="badge log fail-bg">Fail</span></td>
<td>01:07:39 am</td>
<td>
<a href="#" class="linked" test-id='1' id='106'>User should verify that product added to shopping cart successFully</a>
<div class="">
<span class="badge badge-default">Desktop test.User should verify that product added to shopping cart successFully</span>
</div>
</td>
</tr>
<tr class="tag-test-status" status="pass">
<td><span class="badge log pass-bg">Pass</span></td>
<td>01:07:54 am</td>
<td>
<a href="#" class="linked" test-id='125' id='126'>User should navigate to Desktops page successfully</a>
<div class="">
<span class="badge badge-default">Top menu test Feature.User should navigate to Desktops page successfully</span>
</div>
</td>
</tr>
<tr class="tag-test-status" status="pass">
<td><span class="badge log pass-bg">Pass</span></td>
<td>01:08:06 am</td>
<td>
<a href="#" class="linked" test-id='125' id='134'>User should navigate to Laptops and Notebooks page successfully</a>
<div class="">
<span class="badge badge-default">Top menu test Feature.User should navigate to Laptops and Notebooks page successfully</span>
</div>
</td>
</tr>
<tr class="tag-test-status" status="pass">
<td><span class="badge log pass-bg">Pass</span></td>
<td>01:08:17 am</td>
<td>
<a href="#" class="linked" test-id='125' id='142'>User should navigate to Components page successfully</a>
<div class="">
<span class="badge badge-default">Top menu test Feature.User should navigate to Components page successfully</span>
</div>
</td>
</tr>
</tbody>
</table>
</div>
</li>
<li class="test-item">
<div class="test-detail">
<span class="meta">
<span class='badge log badge-danger'>1</span>
</span>
<p class="name">@smoke</p>
<p class="duration text-sm">1 tests</p>
</div>
<div class="test-contents d-none">
<div class="info">
<h4>@smoke</h4>
<span status="fail" class='badge log badge-danger'>1 failed</span>
</div>
<table class='table table-sm mt-4'>
<thead>
<tr>
<th class="status-col">Status</th>
<th class="timestamp-col">Timestamp</th>
<th>TestName</th>
</tr>
</thead>
<tbody>
<tr class="tag-test-status" status="fail">
<td><span class="badge log fail-bg">Fail</span></td>
<td>01:02:41 am</td>
<td>
<a href="#" class="linked" test-id='1' id='2'>User should verify product arrange in alphabetical order</a>
<div class="">
<span class="badge badge-default">Desktop test.User should verify product arrange in alphabetical order</span>
</div>
</td>
</tr>
</tbody>
</table>
</div>
</li>
<li class="test-item">
<div class="test-detail">
<span class="meta">
<span class='badge log badge-danger'>7</span>
</span>
<p class="name">@sanity</p>
<p class="duration text-sm">7 tests</p>
</div>
<div class="test-contents d-none">
<div class="info">
<h4>@sanity</h4>
<span status="fail" class='badge log badge-danger'>7 failed</span>
</div>
<table class='table table-sm mt-4'>
<thead>
<tr>
<th class="status-col">Status</th>
<th class="timestamp-col">Timestamp</th>
<th>TestName</th>
</tr>
</thead>
<tbody>
<tr class="tag-test-status" status="fail">
<td><span class="badge log fail-bg">Fail</span></td>
<td>01:02:41 am</td>
<td>
<a href="#" class="linked" test-id='1' id='2'>User should verify product arrange in alphabetical order</a>
<div class="">
<span class="badge badge-default">Desktop test.User should verify product arrange in alphabetical order</span>
</div>
</td>
</tr>
<tr class="tag-test-status" status="fail">
<td><span class="badge log fail-bg">Fail</span></td>
<td>01:03:49 am</td>
<td>
<a href="#" class="linked" test-id='1' id='11'>User should verify that product added to shopping cart successFully</a>
<div class="">
<span class="badge badge-default">Desktop test.User should verify that product added to shopping cart successFully</span>
</div>
</td>
</tr>
<tr class="tag-test-status" status="fail">
<td><span class="badge log fail-bg">Fail</span></td>
<td>01:04:41 am</td>
<td>
<a href="#" class="linked" test-id='1' id='30'>User should verify that product added to shopping cart successFully</a>
<div class="">
<span class="badge badge-default">Desktop test.User should verify that product added to shopping cart successFully</span>
</div>
</td>
</tr>
<tr class="tag-test-status" status="fail">
<td><span class="badge log fail-bg">Fail</span></td>
<td>01:05:31 am</td>
<td>
<a href="#" class="linked" test-id='1' id='49'>User should verify that product added to shopping cart successFully</a>
<div class="">
<span class="badge badge-default">Desktop test.User should verify that product added to shopping cart successFully</span>
</div>
</td>
</tr>
<tr class="tag-test-status" status="fail">
<td><span class="badge log fail-bg">Fail</span></td>
<td>01:06:23 am</td>
<td>
<a href="#" class="linked" test-id='1' id='68'>User should verify that product added to shopping cart successFully</a>
<div class="">
<span class="badge badge-default">Desktop test.User should verify that product added to shopping cart successFully</span>
</div>
</td>
</tr>
<tr class="tag-test-status" status="fail">
<td><span class="badge log fail-bg">Fail</span></td>
<td>01:07:01 am</td>
<td>
<a href="#" class="linked" test-id='1' id='87'>User should verify that product added to shopping cart successFully</a>
<div class="">
<span class="badge badge-default">Desktop test.User should verify that product added to shopping cart successFully</span>
</div>
</td>
</tr>
<tr class="tag-test-status" status="fail">
<td><span class="badge log fail-bg">Fail</span></td>
<td>01:07:39 am</td>
<td>
<a href="#" class="linked" test-id='1' id='106'>User should verify that product added to shopping cart successFully</a>
<div class="">
<span class="badge badge-default">Desktop test.User should verify that product added to shopping cart successFully</span>
</div>
</td>
</tr>
</tbody>
</table>
</div>
</li>
</ul>
</div>
</div>
<div class="test-content scrollable">
<div class="test-content-detail">
<div class="detail-body"></div>
</div>
</div>
</div><div class="test-wrapper row view exception-view attributes-view">
<div class="test-list">
<div class="test-list-tools">
<ul class="tools pull-left"><li><a href=""><span class="font-size-14">Exception</span></a></li></ul>
<ul class="tools text-right"><li><a href="#"><span class="badge badge-primary">2</span></a></li></ul>
</div>
<div class="test-list-wrapper scrollable">
<ul class="test-list-item">
<li class="test-item">
<div class="test-detail">
<span class="meta">
<span class='badge log badge-danger'>4</span>
</span>
<p class="name">org.openqa.selenium.NoSuchElementException</p>
<p class="duration text-sm">4 tests</p>
</div>
<div class="test-contents d-none">
<div class="info">
<h4>org.openqa.selenium.NoSuchElementException</h4>
<span status="fail" class='badge log badge-danger'>4 failed</span>
</div>
<table class='table table-sm mt-4'>
<thead>
<tr>
<th class="status-col">Status</th>
<th class="timestamp-col">Timestamp</th>
<th>TestName</th>
</tr>
</thead>
<tbody>
<tr class="tag-test-status" status="fail">
<td><span class="badge log fail-bg">Fail</span></td>
<td>01:03:08 am</td>
<td>
<a href="#" class="linked" test-id='1' id='7'>And I click on sort by position Z to A "Name: Z to A"</a>
<div class="">
<span class="badge badge-default">Desktop test.User should verify product arrange in alphabetical order.And I click on sort by position Z to A "Name: Z to A"</span>
</div>
</td>
</tr>
<tr class="tag-test-status" status="fail">
<td><span class="badge log fail-bg">Fail</span></td>
<td>01:04:00 am</td>
<td>
<a href="#" class="linked" test-id='1' id='18'>And I click on sort by position A to Z "Name: A to Z"</a>
<div class="">
<span class="badge badge-default">Desktop test.User should verify that product added to shopping cart successFully.And I click on sort by position A to Z "Name: A to Z"</span>
</div>
</td>
</tr>
<tr class="tag-test-status" status="fail">
<td><span class="badge log fail-bg">Fail</span></td>
<td>01:04:50 am</td>
<td>
<a href="#" class="linked" test-id='1' id='37'>And I click on sort by position A to Z "Name: A to Z"</a>
<div class="">
<span class="badge badge-default">Desktop test.User should verify that product added to shopping cart successFully.And I click on sort by position A to Z "Name: A to Z"</span>
</div>
</td>
</tr>
<tr class="tag-test-status" status="fail">
<td><span class="badge log fail-bg">Fail</span></td>
<td>01:05:42 am</td>
<td>
<a href="#" class="linked" test-id='1' id='56'>And I click on sort by position A to Z "Name: A to Z"</a>
<div class="">
<span class="badge badge-default">Desktop test.User should verify that product added to shopping cart successFully.And I click on sort by position A to Z "Name: A to Z"</span>
</div>
</td>
</tr>
</tbody>
</table>
</div>
</li>
<li class="test-item">
<div class="test-detail">
<span class="meta">
<span class='badge log badge-danger'>6</span>
</span>
<p class="name">org.openqa.selenium.NoSuchWindowException</p>
<p class="duration text-sm">6 tests</p>
</div>
<div class="test-contents d-none">
<div class="info">
<h4>org.openqa.selenium.NoSuchWindowException</h4>
<span status="fail" class='badge log badge-danger'>6 failed</span>
</div>
<table class='table table-sm mt-4'>
<thead>
<tr>
<th class="status-col">Status</th>
<th class="timestamp-col">Timestamp</th>
<th>TestName</th>
</tr>
</thead>
<tbody>
<tr class="tag-test-status" status="fail">
<td><span class="badge log fail-bg">Fail</span></td>
<td>01:06:51 am</td>
<td>
<a href="#" class="linked" test-id='1' id='75'>And I click on sort by position A to Z "Name: A to Z"</a>
<div class="">
<span class="badge badge-default">Desktop test.User should verify that product added to shopping cart successFully.And I click on sort by position A to Z "Name: A to Z"</span>
</div>
</td>
</tr>
<tr class="tag-test-status" status="fail">
<td><span class="badge log fail-bg">Fail</span></td>
<td>01:07:01 am</td>
<td>
<a href="#" class="linked" test-id='1' id='86'>com.tutorialsninja.steps.Hooks.tearDown(io.cucumber.java.Scenario)</a>
<div class="">
<span class="badge badge-default">Desktop test.User should verify that product added to shopping cart successFully.com.tutorialsninja.steps.Hooks.tearDown(io.cucumber.java.Scenario)</span>
</div>
</td>
</tr>
<tr class="tag-test-status" status="fail">
<td><span class="badge log fail-bg">Fail</span></td>
<td>01:07:35 am</td>
<td>
<a href="#" class="linked" test-id='1' id='94'>And I click on sort by position A to Z "Name: A to Z"</a>
<div class="">
<span class="badge badge-default">Desktop test.User should verify that product added to shopping cart successFully.And I click on sort by position A to Z "Name: A to Z"</span>
</div>
</td>
</tr>
<tr class="tag-test-status" status="fail">
<td><span class="badge log fail-bg">Fail</span></td>
<td>01:07:39 am</td>
<td>
<a href="#" class="linked" test-id='1' id='105'>com.tutorialsninja.steps.Hooks.tearDown(io.cucumber.java.Scenario)</a>
<div class="">
<span class="badge badge-default">Desktop test.User should verify that product added to shopping cart successFully.com.tutorialsninja.steps.Hooks.tearDown(io.cucumber.java.Scenario)</span>
</div>
</td>
</tr>
<tr class="tag-test-status" status="fail">
<td><span class="badge log fail-bg">Fail</span></td>
<td>01:07:53 am</td>
<td>
<a href="#" class="linked" test-id='1' id='113'>And I click on sort by position A to Z "Name: A to Z"</a>
<div class="">
<span class="badge badge-default">Desktop test.User should verify that product added to shopping cart successFully.And I click on sort by position A to Z "Name: A to Z"</span>
</div>
</td>
</tr>
<tr class="tag-test-status" status="fail">
<td><span class="badge log fail-bg">Fail</span></td>
<td>01:07:54 am</td>
<td>
<a href="#" class="linked" test-id='1' id='124'>com.tutorialsninja.steps.Hooks.tearDown(io.cucumber.java.Scenario)</a>
<div class="">
<span class="badge badge-default">Desktop test.User should verify that product added to shopping cart successFully.com.tutorialsninja.steps.Hooks.tearDown(io.cucumber.java.Scenario)</span>
</div>
</td>
</tr>
</tbody>
</table>
</div>
</li>
</ul>
</div>
</div>
<div class="test-content scrollable">
<div class="test-content-detail">
<div class="detail-body"></div>
</div>
</div>
</div>        </div>
      </div>
    </div>
  </div>
<script src="https://cdn.jsdelivr.net/gh/extent-framework/extent-github-cdn@d6562a79075e061305ccfdb82f01e5e195e2d307/spark/js/spark-script.js"></script>
<script type="text/javascript"></script></body>
</html>